<?xml version="1.0" encoding="UTF-8"?>
<testsuite xmlns:xsi="http://www.w3.org/2001/XMLSchema-instance" xsi:noNamespaceSchemaLocation="https://maven.apache.org/surefire/maven-surefire-plugin/xsd/surefire-test-report.xsd" version="3.0.2" name="com.educandoweb.course.CourseApplicationTests" time="15.456" tests="1" errors="0" skipped="0" failures="0">
  <properties>
[...]
</properties>
  <testcase name="contextLoads" classname="com.educandoweb.course.CourseApplicationTests" time="0.852">
    <system-out><![CDATA[08:11:33.965 [main] INFO org.springframework.test.context.support.AnnotationConfigContextLoaderUtils -- Could not detect default configuration classes for test class [com.educandoweb.course.CourseApplicationTests]: CourseApplicationTests does not declare any static, non-private, non-final, nested classes annotated with @Configuration.
08:11:34.338 [main] INFO org.springframework.boot.test.context.SpringBootTestContextBootstrapper -- Found @SpringBootConfiguration com.educandoweb.course.CourseApplication for test class com.educandoweb.course.CourseApplicationTests

  .   ____          _            __ _ _
 /\\ / ___'_ __ _ _(_)_ __  __ _ \ \ \ \
( ( )\___ | '_ | '_| | '_ \/ _` | \ \ \ \
 \\/  ___)| |_)| | | | | || (_| |  ) ) ) )
  '  |____| .__|_| |_|_| |_\__, | / / / /
 =========|_|==============|___/=/_/_/_/

 :: Spring Boot ::                (v3.4.4)

2025-03-26T08:11:35.666-03:00  INFO 870 --- [course] [           main] c.e.course.CourseApplicationTests        : Starting CourseApplicationTests using Java 21.0.6 with PID 870 (started by rafaellima in /mnt/c/Spring-WS/mySpringCourse)
2025-03-26T08:11:35.668-03:00  INFO 870 --- [course] [           main] c.e.course.CourseApplicationTests        : The following 1 profile is active: "test"
2025-03-26T08:11:37.627-03:00  INFO 870 --- [course] [           main] .s.d.r.c.RepositoryConfigurationDelegate : Bootstrapping Spring Data JPA repositories in DEFAULT mode.
2025-03-26T08:11:37.897-03:00  INFO 870 --- [course] [           main] .s.d.r.c.RepositoryConfigurationDelegate : Finished Spring Data repository scanning in 237 ms. Found 2 JPA repository interfaces.
2025-03-26T08:11:39.136-03:00  INFO 870 --- [course] [           main] com.zaxxer.hikari.HikariDataSource       : HikariPool-1 - Starting...
2025-03-26T08:11:39.788-03:00  INFO 870 --- [course] [           main] com.zaxxer.hikari.pool.HikariPool        : HikariPool-1 - Added connection conn0: url=jdbc:h2:mem:testdb user=SA
2025-03-26T08:11:39.795-03:00  INFO 870 --- [course] [           main] com.zaxxer.hikari.HikariDataSource       : HikariPool-1 - Start completed.
2025-03-26T08:11:39.901-03:00  INFO 870 --- [course] [           main] o.hibernate.jpa.internal.util.LogHelper  : HHH000204: Processing PersistenceUnitInfo [name: default]
2025-03-26T08:11:40.165-03:00  INFO 870 --- [course] [           main] org.hibernate.Version                    : HHH000412: Hibernate ORM core version 6.6.11.Final
2025-03-26T08:11:40.299-03:00  INFO 870 --- [course] [           main] o.h.c.internal.RegionFactoryInitiator    : HHH000026: Second-level cache disabled
2025-03-26T08:11:41.518-03:00  INFO 870 --- [course] [           main] o.s.o.j.p.SpringPersistenceUnitInfo      : No LoadTimeWeaver setup: ignoring JPA class transformer
2025-03-26T08:11:41.760-03:00  WARN 870 --- [course] [           main] org.hibernate.orm.deprecation            : HHH90000025: H2Dialect does not need to be specified explicitly using 'hibernate.dialect' (remove the property setting and it will be selected by default)
2025-03-26T08:11:41.833-03:00  INFO 870 --- [course] [           main] org.hibernate.orm.connections.pooling    : HHH10001005: Database info:
	Database JDBC URL [Connecting through datasource 'HikariDataSource (HikariPool-1)']
	Database driver: undefined/unknown
	Database version: 2.3.232
	Autocommit mode: undefined/unknown
	Isolation level: undefined/unknown
	Minimum pool size: undefined/unknown
	Maximum pool size: undefined/unknown
2025-03-26T08:11:44.978-03:00  INFO 870 --- [course] [           main] o.h.e.t.j.p.i.JtaPlatformInitiator       : HHH000489: No JTA platform available (set 'hibernate.transaction.jta.platform' to enable JTA platform integration)
Hibernate: 
    drop table if exists tb_order cascade 
Hibernate: 
    drop table if exists tb_user cascade 
Hibernate: 
    create table tb_order (
        client_id bigint,
        id bigint generated by default as identity,
        moment timestamp(6) with time zone,
        primary key (id)
    )
Hibernate: 
    create table tb_user (
        id bigint generated by default as identity,
        email varchar(255),
        name varchar(255),
        password varchar(255),
        phone varchar(255),
        primary key (id)
    )
Hibernate: 
    alter table if exists tb_order 
       add constraint FKi0x0rv7d65vsceuy33km9567n 
       foreign key (client_id) 
       references tb_user
2025-03-26T08:11:45.145-03:00  INFO 870 --- [course] [           main] j.LocalContainerEntityManagerFactoryBean : Initialized JPA EntityManagerFactory for persistence unit 'default'
2025-03-26T08:11:47.598-03:00  INFO 870 --- [course] [           main] o.s.b.a.h2.H2ConsoleAutoConfiguration    : H2 console available at '/h2-console'. Database available at 'jdbc:h2:mem:testdb'
2025-03-26T08:11:47.745-03:00  INFO 870 --- [course] [           main] c.e.course.CourseApplicationTests        : Started CourseApplicationTests in 12.852 seconds (process running for 15.057)
Hibernate: 
    insert 
    into
        tb_user
        (email, name, password, phone, id) 
    values
        (?, ?, ?, ?, default)
Hibernate: 
    insert 
    into
        tb_user
        (email, name, password, phone, id) 
    values
        (?, ?, ?, ?, default)
Hibernate: 
    insert 
    into
        tb_order
        (client_id, moment, id) 
    values
        (?, ?, default)
Hibernate: 
    insert 
    into
        tb_order
        (client_id, moment, id) 
    values
        (?, ?, default)
Hibernate: 
    insert 
    into
        tb_order
        (client_id, moment, id) 
    values
        (?, ?, default)
]]></system-out>
    <system-err><![CDATA[Mockito is currently self-attaching to enable the inline-mock-maker. This will no longer work in future releases of the JDK. Please add Mockito as an agent to your build what is described in Mockito's documentation: https://javadoc.io/doc/org.mockito/mockito-core/latest/org/mockito/Mockito.html#0.3
WARNING: A Java agent has been loaded dynamically (/home/rafaellima/.m2/repository/net/bytebuddy/byte-buddy-agent/1.15.11/byte-buddy-agent-1.15.11.jar)
WARNING: If a serviceability tool is in use, please run with -XX:+EnableDynamicAgentLoading to hide this warning
WARNING: If a serviceability tool is not in use, please run with -Djdk.instrument.traceUsage for more information
WARNING: Dynamic loading of agents will be disallowed by default in a future release
]]></system-err>
  </testcase>
</testsuite>